[2024-05-16T19:03:43.078Z] [ERROR] Failed to start the server: Error: Unable to start database:
[2024-05-16T19:03:53.369Z] [ERROR] Failed to start the server: Error: Unable to start database:
[2024-05-16T19:04:10.567Z] [INFO] [37m[46mServer Running in development Mode on Port 8080[49m[39m
[2024-05-16T19:04:16.937Z] [INFO] POST /api/v1/user/getUserData
[2024-05-16T19:04:16.944Z] [INFO] POST /api/v1/user/getUserData
[2024-05-16T19:04:16.948Z] [INFO] POST /api/v1/user/getUserData
[2024-05-16T19:04:17.363Z] [INFO] POST /api/v1/user/getUserData
[2024-05-16T19:04:17.366Z] [INFO] POST /api/v1/user/getUserData
[2024-05-16T19:04:17.369Z] [INFO] POST /api/v1/user/getUserData
[2024-05-16T19:04:32.260Z] [INFO] POST /api/v1/user/register
[2024-05-16T19:04:57.642Z] [INFO] POST /api/v1/user/register
[2024-05-16T19:05:07.016Z] [INFO] POST /api/v1/user/login
[2024-05-16T19:05:07.277Z] [INFO] POST /api/v1/user/getUserData
[2024-05-16T19:05:07.740Z] [INFO] POST /api/v1/user/getUserData
[2024-05-16T19:05:07.746Z] [INFO] POST /api/v1/user/getUserData
[2024-05-16T19:05:07.752Z] [INFO] POST /api/v1/user/getUserData
[2024-05-16T19:05:07.761Z] [INFO] POST /api/v1/user/getUserData
[2024-05-16T19:05:07.807Z] [INFO] POST /api/v1/user/getUserData
[2024-05-16T19:05:07.813Z] [INFO] POST /api/v1/user/getUserData
[2024-05-16T19:05:22.758Z] [INFO] POST /api/v1/user/login
[2024-05-16T19:05:23.261Z] [INFO] POST /api/v1/user/getUserData
[2024-05-16T19:05:23.269Z] [INFO] POST /api/v1/user/getUserData
[2024-05-16T19:05:23.341Z] [INFO] POST /api/v1/user/getUserData
[2024-05-16T19:05:23.504Z] [INFO] POST /api/v1/user/getUserData
[2024-05-16T19:05:23.668Z] [INFO] POST /api/v1/user/getUserData
[2024-05-16T19:05:23.673Z] [INFO] POST /api/v1/user/getUserData
[2024-05-16T19:05:23.677Z] [INFO] POST /api/v1/user/getUserData
[2024-05-16T19:05:23.688Z] [INFO] POST /api/v1/user/getUserData
[2024-05-16T19:05:33.543Z] [INFO] POST /api/v1/user/getUserData
[2024-05-16T19:05:33.852Z] [INFO] POST /api/v1/user/getUserData
[2024-05-16T20:31:57.173Z] [INFO] POST /api/v1/user/apply-doctor
[2024-05-16T20:34:43.007Z] [INFO] POST /api/v1/user/apply-doctor
[2024-05-16T20:36:00.823Z] [INFO] POST /api/v1/user/apply-doctor
[2024-05-16T20:36:08.863Z] [INFO] POST /api/v1/user/apply-doctor
[2024-05-16T20:36:10.983Z] [INFO] POST /api/v1/user/apply-doctor
[2024-05-16T20:36:48.075Z] [INFO] [37m[46mServer Running in development Mode on Port 8080[49m[39m
[2024-05-16T20:36:57.603Z] [INFO] [37m[46mServer Running in development Mode on Port 8080[49m[39m
[2024-05-16T20:37:02.326Z] [INFO] GET /main.435bfdb0d1e5e33aa983.hot-update.json
[2024-05-16T20:37:02.705Z] [INFO] POST /api/v1/user/getUserData
[2024-05-16T20:37:02.717Z] [INFO] POST /api/v1/user/getUserData
[2024-05-16T20:37:03.316Z] [INFO] POST /api/v1/user/getUserData
[2024-05-16T20:37:03.320Z] [INFO] POST /api/v1/user/getUserData
[2024-05-16T20:37:03.325Z] [INFO] POST /api/v1/user/getUserData
[2024-05-16T20:37:03.329Z] [INFO] POST /api/v1/user/getUserData
[2024-05-16T20:37:03.456Z] [INFO] POST /api/v1/user/getUserData
[2024-05-16T20:37:03.552Z] [INFO] POST /api/v1/user/getUserData
[2024-05-16T20:37:03.655Z] [INFO] POST /api/v1/user/getUserData
[2024-05-16T20:37:03.661Z] [INFO] POST /api/v1/user/getUserData
[2024-05-16T20:37:03.667Z] [INFO] POST /api/v1/user/getUserData
[2024-05-16T20:37:03.671Z] [INFO] POST /api/v1/user/getUserData
[2024-05-16T20:37:08.717Z] [INFO] POST /api/v1/user/getUserData
[2024-05-16T20:37:08.724Z] [INFO] POST /api/v1/user/getUserData
[2024-05-16T20:37:09.032Z] [INFO] POST /api/v1/user/getUserData
[2024-05-16T20:37:09.038Z] [INFO] POST /api/v1/user/getUserData
[2024-05-16T20:37:09.048Z] [INFO] POST /api/v1/user/getUserData
[2024-05-16T20:37:09.079Z] [INFO] POST /api/v1/user/getUserData
[2024-05-16T20:37:39.519Z] [INFO] POST /api/v1/user/login
[2024-05-16T20:37:40.042Z] [INFO] POST /api/v1/user/getUserData
[2024-05-16T20:37:40.051Z] [INFO] POST /api/v1/user/getUserData
[2024-05-16T20:37:40.150Z] [INFO] POST /api/v1/user/getUserData
[2024-05-16T20:37:40.278Z] [INFO] POST /api/v1/user/getUserData
[2024-05-16T20:37:40.472Z] [INFO] POST /api/v1/user/getUserData
[2024-05-16T20:37:40.480Z] [INFO] POST /api/v1/user/getUserData
[2024-05-16T20:37:40.496Z] [INFO] POST /api/v1/user/getUserData
[2024-05-16T20:37:40.506Z] [INFO] POST /api/v1/user/getUserData
[2024-05-16T20:37:49.487Z] [INFO] POST /api/v1/user/getUserData
[2024-05-16T20:37:49.803Z] [INFO] POST /api/v1/user/getUserData
[2024-05-16T22:56:45.658Z] [INFO] [37m[46mServer Running in development Mode on Port 8080[49m[39m
[2024-05-16T22:57:04.040Z] [INFO] GET /main.7eecbbf3da88da501b02.hot-update.json
[2024-05-16T22:57:04.797Z] [INFO] POST /api/v1/user/getUserData
[2024-05-16T22:57:04.801Z] [INFO] POST /api/v1/user/getUserData
[2024-05-16T22:57:21.829Z] [INFO] POST /api/v1/user/register
[2024-05-16T22:59:46.945Z] [ERROR] Failed to start the server: Error: Unable to start database:
[2024-05-16T23:00:02.898Z] [ERROR] Failed to start the server: Error: Unable to start database:
[2024-05-16T23:00:20.300Z] [INFO] [37m[46mServer Running in development Mode on Port 8080[49m[39m
[2024-05-16T23:00:59.426Z] [INFO] POST /api/v1/user/getUserData
[2024-05-16T23:00:59.438Z] [INFO] POST /api/v1/user/getUserData
[2024-05-16T23:01:16.586Z] [INFO] POST /api/v1/user/register
[2024-05-16T23:01:34.850Z] [INFO] POST /api/v1/user/register
[2024-05-16T23:01:48.336Z] [INFO] POST /api/v1/user/login
[2024-05-16T23:01:58.915Z] [INFO] POST /api/v1/user/login
[2024-05-16T23:01:59.410Z] [INFO] POST /api/v1/user/getUserData
[2024-05-16T23:01:59.417Z] [INFO] POST /api/v1/user/getUserData
[2024-05-16T23:01:59.428Z] [INFO] POST /api/v1/user/getUserData
[2024-05-16T23:01:59.438Z] [INFO] POST /api/v1/user/getUserData
[2024-05-16T23:01:59.643Z] [INFO] POST /api/v1/user/getUserData
[2024-05-16T23:01:59.649Z] [INFO] POST /api/v1/user/getUserData
[2024-05-16T23:01:59.950Z] [INFO] POST /api/v1/user/getUserData
[2024-05-16T23:01:59.956Z] [INFO] POST /api/v1/user/getUserData
[2024-05-16T23:01:59.973Z] [INFO] POST /api/v1/user/getUserData
[2024-05-16T23:01:59.979Z] [INFO] POST /api/v1/user/getUserData
[2024-05-17T07:11:10.077Z] [INFO] POST /api/v1/user/register
[2024-05-17T07:11:40.106Z] [INFO] POST /api/v1/user/login
[2024-05-17T07:11:40.578Z] [INFO] POST /api/v1/user/getUserData
[2024-05-17T07:11:40.585Z] [INFO] POST /api/v1/user/getUserData
[2024-05-17T07:11:40.798Z] [INFO] POST /api/v1/user/getUserData
[2024-05-17T07:11:40.830Z] [INFO] POST /api/v1/user/getUserData
[2024-05-17T07:11:41.120Z] [INFO] POST /api/v1/user/getUserData
[2024-05-17T07:11:41.126Z] [INFO] POST /api/v1/user/getUserData
[2024-05-17T07:11:41.132Z] [INFO] POST /api/v1/user/getUserData
[2024-05-17T07:11:41.137Z] [INFO] POST /api/v1/user/getUserData
[2024-05-17T07:11:58.866Z] [INFO] POST /api/v1/user/login
[2024-05-17T07:11:59.319Z] [INFO] POST /api/v1/user/getUserData
[2024-05-17T07:11:59.326Z] [INFO] POST /api/v1/user/getUserData
[2024-05-17T07:11:59.440Z] [INFO] POST /api/v1/user/getUserData
[2024-05-17T07:11:59.581Z] [INFO] POST /api/v1/user/getUserData
[2024-05-17T07:11:59.753Z] [INFO] POST /api/v1/user/getUserData
[2024-05-17T07:11:59.759Z] [INFO] POST /api/v1/user/getUserData
[2024-05-17T07:11:59.766Z] [INFO] POST /api/v1/user/getUserData
[2024-05-17T07:11:59.783Z] [INFO] POST /api/v1/user/getUserData
[2024-05-17T17:08:10.053Z] [ERROR] Failed to start the server: Error: Unable to start database:
[2024-05-17T17:13:01.485Z] [INFO] [37m[46mServer Running in development Mode on Port 8080[49m[39m
[2024-05-17T17:13:06.143Z] [INFO] POST /api/v1/user/getUserData
[2024-05-17T17:13:06.147Z] [INFO] POST /api/v1/user/getUserData
[2024-05-17T17:14:07.107Z] [INFO] POST /api/v1/user/register
[2024-05-17T17:14:33.344Z] [INFO] POST /api/v1/user/register
[2024-05-17T17:14:45.528Z] [INFO] POST /api/v1/user/login
[2024-05-17T17:14:46.015Z] [INFO] POST /api/v1/user/getUserData
[2024-05-17T17:14:46.024Z] [INFO] POST /api/v1/user/getUserData
[2024-05-17T17:14:46.253Z] [INFO] POST /api/v1/user/getUserData
[2024-05-17T17:14:46.258Z] [INFO] POST /api/v1/user/getUserData
[2024-05-17T17:14:46.264Z] [INFO] POST /api/v1/user/getUserData
[2024-05-17T17:14:46.272Z] [INFO] POST /api/v1/user/getUserData
[2024-05-17T17:14:46.559Z] [INFO] POST /api/v1/user/getUserData
[2024-05-17T17:14:46.622Z] [INFO] POST /api/v1/user/getUserData
[2024-05-17T17:16:50.067Z] [INFO] POST /api/v1/user/login
[2024-05-17T17:16:50.573Z] [INFO] POST /api/v1/user/getUserData
[2024-05-17T17:16:50.581Z] [INFO] POST /api/v1/user/getUserData
[2024-05-17T17:16:50.676Z] [INFO] POST /api/v1/user/getUserData
[2024-05-17T17:16:50.681Z] [INFO] POST /api/v1/user/getUserData
[2024-05-17T17:16:50.687Z] [INFO] POST /api/v1/user/getUserData
[2024-05-17T17:16:50.814Z] [INFO] POST /api/v1/user/getUserData
[2024-05-17T17:16:50.985Z] [INFO] POST /api/v1/user/getUserData
[2024-05-17T17:16:50.991Z] [INFO] POST /api/v1/user/getUserData
[2024-05-17T17:16:57.920Z] [INFO] POST /api/v1/user/getUserData
[2024-05-17T17:16:57.926Z] [INFO] POST /api/v1/user/getUserData
[2024-05-17T17:29:17.056Z] [INFO] [37m[46mServer Running in development Mode on Port 8080[49m[39m
[2024-05-17T17:29:27.781Z] [INFO] POST /api/v1/user/getUserData
[2024-05-17T17:29:27.806Z] [INFO] POST /api/v1/user/getUserData
[2024-05-17T17:29:49.370Z] [INFO] POST /api/v1/user/register
[2024-05-17T17:30:00.391Z] [INFO] POST /api/v1/user/login
[2024-05-17T17:30:00.955Z] [INFO] POST /api/v1/user/getUserData
[2024-05-17T17:30:00.968Z] [INFO] POST /api/v1/user/getUserData
[2024-05-17T17:30:01.187Z] [INFO] POST /api/v1/user/getUserData
[2024-05-17T17:30:01.194Z] [INFO] POST /api/v1/user/getUserData
[2024-05-17T17:30:01.204Z] [INFO] POST /api/v1/user/getUserData
[2024-05-17T17:30:01.225Z] [INFO] POST /api/v1/user/getUserData
[2024-05-17T17:30:01.489Z] [INFO] POST /api/v1/user/getUserData
[2024-05-17T17:30:01.501Z] [INFO] POST /api/v1/user/getUserData
[2024-05-17T17:31:06.239Z] [INFO] POST /api/v1/user/apply-doctor
[2024-05-17T17:33:37.632Z] [INFO] POST /api/v1/user/register
[2024-05-18T07:10:23.781Z] [ERROR] Failed to start the server: Error: Unable to start database:
[2024-05-18T07:11:34.609Z] [INFO] [37m[46mServer Running in development Mode on Port 8080[49m[39m
[2024-05-18T07:11:39.900Z] [INFO] POST /api/v1/user/getUserData
[2024-05-18T07:11:39.905Z] [INFO] POST /api/v1/user/getUserData
[2024-05-18T07:12:10.119Z] [INFO] POST /api/v1/user/register
[2024-05-18T07:12:23.661Z] [INFO] POST /api/v1/user/login
[2024-05-18T07:12:24.201Z] [INFO] POST /api/v1/user/getUserData
[2024-05-18T07:12:24.210Z] [INFO] POST /api/v1/user/getUserData
[2024-05-18T07:12:24.218Z] [INFO] POST /api/v1/user/getUserData
[2024-05-18T07:12:24.229Z] [INFO] POST /api/v1/user/getUserData
[2024-05-18T07:12:24.430Z] [INFO] POST /api/v1/user/getUserData
[2024-05-18T07:12:24.437Z] [INFO] POST /api/v1/user/getUserData
[2024-05-18T07:12:24.742Z] [INFO] POST /api/v1/user/getUserData
[2024-05-18T07:12:24.747Z] [INFO] POST /api/v1/user/getUserData
[2024-05-18T07:12:24.753Z] [INFO] POST /api/v1/user/getUserData
[2024-05-18T07:12:24.766Z] [INFO] POST /api/v1/user/getUserData
[2024-05-18T07:19:48.302Z] [INFO] POST /api/v1/user/apply-doctor
[2024-05-18T07:27:40.737Z] [INFO] POST /api/v1/user/register
[2024-05-18T07:31:13.345Z] [INFO] POST /api/v1/user/register
[2024-05-18T07:31:42.358Z] [INFO] POST /api/v1/user/login
[2024-05-18T07:31:42.854Z] [INFO] POST /api/v1/user/getUserData
[2024-05-18T07:31:42.864Z] [INFO] POST /api/v1/user/getUserData
[2024-05-18T07:31:43.299Z] [INFO] POST /api/v1/user/getUserData
[2024-05-18T07:31:43.303Z] [INFO] POST /api/v1/user/getUserData
[2024-05-18T07:31:43.611Z] [INFO] POST /api/v1/user/getUserData
[2024-05-18T07:31:43.617Z] [INFO] POST /api/v1/user/getUserData
[2024-05-18T07:31:43.638Z] [INFO] POST /api/v1/user/getUserData
[2024-05-18T07:31:43.642Z] [INFO] POST /api/v1/user/getUserData
[2024-05-18T07:32:20.328Z] [INFO] POST /api/v1/user/apply-doctor
[2024-05-18T07:41:37.077Z] [INFO] POST /api/v1/user/getUserData
[2024-05-18T07:41:37.082Z] [INFO] POST /api/v1/user/getUserData
[2024-05-18T07:41:41.072Z] [INFO] POST /api/v1/user/getUserData
[2024-05-18T07:41:41.375Z] [INFO] POST /api/v1/user/getUserData
[2024-05-18T08:04:13.295Z] [INFO] POST /api/v1/user/getUserData
[2024-05-18T08:04:13.299Z] [INFO] POST /api/v1/user/getUserData
[2024-05-18T08:06:14.886Z] [INFO] POST /api/v1/user/getUserData
[2024-05-18T08:06:14.892Z] [INFO] POST /api/v1/user/getUserData
[2024-05-18T08:06:15.212Z] [INFO] POST /api/v1/user/getUserData
[2024-05-18T08:06:15.221Z] [INFO] POST /api/v1/user/getUserData
[2024-05-18T08:06:15.249Z] [INFO] POST /api/v1/user/getUserData
[2024-05-18T08:06:15.256Z] [INFO] POST /api/v1/user/getUserData
[2024-05-18T08:07:04.951Z] [INFO] POST /api/v1/user/getUserData
[2024-05-18T08:07:05.257Z] [INFO] POST /api/v1/user/getUserData
[2024-05-18T08:13:28.036Z] [INFO] [37m[46mServer Running in development Mode on Port 8080[49m[39m
[2024-05-18T08:13:32.648Z] [INFO] GET /main.de5d07edea1f0d238469.hot-update.json
[2024-05-18T08:13:33.168Z] [INFO] POST /api/v1/user/getUserData
[2024-05-18T08:13:33.177Z] [INFO] POST /api/v1/user/getUserData
[2024-05-18T08:13:33.680Z] [INFO] POST /api/v1/user/getUserData
[2024-05-18T08:13:33.683Z] [INFO] POST /api/v1/user/getUserData
[2024-05-18T08:13:41.224Z] [INFO] POST /api/v1/user/login
[2024-05-18T08:13:41.796Z] [INFO] POST /api/v1/user/getUserData
[2024-05-18T08:13:41.808Z] [INFO] POST /api/v1/user/getUserData
[2024-05-18T08:13:41.910Z] [INFO] POST /api/v1/user/getUserData
[2024-05-18T08:13:41.918Z] [INFO] POST /api/v1/user/getUserData
[2024-05-18T08:13:41.924Z] [INFO] POST /api/v1/user/getUserData
[2024-05-18T08:13:42.055Z] [INFO] POST /api/v1/user/getUserData
[2024-05-18T08:13:42.220Z] [INFO] POST /api/v1/user/getUserData
[2024-05-18T08:13:42.225Z] [INFO] POST /api/v1/user/getUserData
[2024-05-18T08:16:31.488Z] [INFO] [37m[46mServer Running in development Mode on Port 8080[49m[39m
[2024-05-18T08:16:51.611Z] [INFO] POST /api/v1/user/getUserData
[2024-05-18T08:16:51.620Z] [INFO] POST /api/v1/user/getUserData
[2024-05-18T08:16:51.627Z] [INFO] POST /api/v1/user/getUserData
[2024-05-18T08:16:51.962Z] [INFO] POST /api/v1/user/getUserData
[2024-05-18T08:16:52.053Z] [INFO] POST /api/v1/user/getUserData
[2024-05-18T08:16:52.056Z] [INFO] POST /api/v1/user/getUserData
[2024-05-18T08:17:19.612Z] [INFO] POST /api/v1/user/apply-doctor
[2024-05-18T08:22:16.644Z] [INFO] GET /main.64c7f864e5b31a5d4c25.hot-update.json
[2024-05-18T08:22:17.204Z] [INFO] POST /api/v1/user/getUserData
[2024-05-18T08:22:17.211Z] [INFO] POST /api/v1/user/getUserData
[2024-05-18T08:22:17.649Z] [INFO] POST /api/v1/user/getUserData
[2024-05-18T08:22:17.653Z] [INFO] POST /api/v1/user/getUserData
[2024-05-18T08:22:17.657Z] [INFO] POST /api/v1/user/getUserData
[2024-05-18T08:22:17.663Z] [INFO] POST /api/v1/user/getUserData
[2024-05-18T08:22:17.962Z] [INFO] POST /api/v1/user/getUserData
[2024-05-18T08:22:18.009Z] [INFO] POST /api/v1/user/getUserData
[2024-05-18T08:22:25.266Z] [INFO] POST /api/v1/user/login
[2024-05-18T08:22:25.466Z] [INFO] POST /api/v1/user/getUserData
[2024-05-18T08:22:25.843Z] [INFO] POST /api/v1/user/getUserData
[2024-05-18T08:22:25.849Z] [INFO] POST /api/v1/user/getUserData
[2024-05-18T08:22:26.160Z] [INFO] POST /api/v1/user/getUserData
[2024-05-18T08:22:26.168Z] [INFO] POST /api/v1/user/getUserData
[2024-05-18T08:22:26.174Z] [INFO] POST /api/v1/user/getUserData
[2024-05-18T08:22:26.179Z] [INFO] POST /api/v1/user/getUserData
[2024-05-18T08:23:01.604Z] [INFO] POST /api/v1/user/apply-doctor
[2024-05-18T08:25:47.090Z] [INFO] [37m[46mServer Running in development Mode on Port 8080[49m[39m
[2024-05-18T08:25:55.395Z] [INFO] POST /api/v1/user/getUserData
[2024-05-18T08:25:55.406Z] [INFO] POST /api/v1/user/getUserData
[2024-05-18T08:28:36.015Z] [INFO] [37m[46mServer Running in development Mode on Port 8080[49m[39m
[2024-05-18T08:28:49.773Z] [INFO] POST /api/v1/user/getUserData
[2024-05-18T08:28:49.781Z] [INFO] POST /api/v1/user/getUserData
[2024-05-18T08:28:49.785Z] [INFO] POST /api/v1/user/getUserData
[2024-05-18T08:28:50.365Z] [INFO] POST /api/v1/user/getUserData
[2024-05-18T08:28:50.368Z] [INFO] POST /api/v1/user/getUserData
[2024-05-18T08:28:50.373Z] [INFO] POST /api/v1/user/getUserData
[2024-05-18T08:29:01.584Z] [INFO] POST /api/v1/user/login
[2024-05-18T08:29:01.845Z] [INFO] POST /api/v1/user/getUserData
[2024-05-18T08:29:02.177Z] [INFO] POST /api/v1/user/getUserData
[2024-05-18T08:29:02.183Z] [INFO] POST /api/v1/user/getUserData
[2024-05-18T08:29:02.190Z] [INFO] POST /api/v1/user/getUserData
[2024-05-18T08:29:02.197Z] [INFO] POST /api/v1/user/getUserData
[2024-05-18T08:29:02.494Z] [INFO] POST /api/v1/user/getUserData
[2024-05-18T08:29:02.500Z] [INFO] POST /api/v1/user/getUserData
[2024-05-18T08:29:42.814Z] [INFO] POST /api/v1/user/getUserData
[2024-05-18T08:29:42.824Z] [INFO] POST /api/v1/user/getUserData
[2024-05-18T08:29:47.828Z] [INFO] POST /api/v1/user/getUserData
[2024-05-18T08:29:47.834Z] [INFO] POST /api/v1/user/getUserData
[2024-05-18T08:30:18.353Z] [INFO] POST /api/v1/user/apply-doctor
[2024-05-18T08:30:18.817Z] [INFO] POST /api/v1/user/getUserData
[2024-05-18T08:30:18.823Z] [INFO] POST /api/v1/user/getUserData
[2024-05-18T09:21:31.948Z] [ERROR] Failed to start the server: Error: Unable to start database:
[2024-05-18T09:22:01.766Z] [INFO] [37m[46mServer Running in development Mode on Port 8080[49m[39m
[2024-05-18T09:29:23.923Z] [INFO] POST /api/v1/user/getUserData
[2024-05-18T09:29:23.932Z] [INFO] POST /api/v1/user/getUserData
[2024-05-18T09:29:24.224Z] [INFO] POST /api/v1/user/getUserData
[2024-05-18T09:29:24.227Z] [INFO] POST /api/v1/user/getUserData
[2024-05-18T09:29:24.311Z] [INFO] POST /api/v1/user/getUserData
[2024-05-18T09:29:24.318Z] [INFO] POST /api/v1/user/getUserData
[2024-05-18T09:29:45.915Z] [INFO] POST /api/v1/user/register
[2024-05-18T09:29:59.765Z] [INFO] POST /api/v1/user/login
[2024-05-18T09:30:00.033Z] [INFO] POST /api/v1/user/getUserData
[2024-05-18T09:30:00.344Z] [INFO] POST /api/v1/user/getUserData
[2024-05-18T09:30:00.350Z] [INFO] POST /api/v1/user/getUserData
[2024-05-18T09:30:00.359Z] [INFO] POST /api/v1/user/getUserData
[2024-05-18T09:30:00.369Z] [INFO] POST /api/v1/user/getUserData
[2024-05-18T09:30:00.415Z] [INFO] POST /api/v1/user/getUserData
[2024-05-18T09:30:00.420Z] [INFO] POST /api/v1/user/getUserData
[2024-05-18T09:30:05.241Z] [INFO] POST /api/v1/user/getUserData
[2024-05-18T09:30:05.550Z] [INFO] POST /api/v1/user/getUserData
[2024-05-18T09:30:06.817Z] [INFO] GET /api/v1/user/user-appointments
[2024-05-18T09:30:07.080Z] [INFO] GET /api/v1/user/user-appointments
[2024-05-18T09:30:40.342Z] [INFO] POST /api/v1/user/apply-doctor
[2024-05-18T09:30:40.782Z] [INFO] POST /api/v1/user/getUserData
[2024-05-18T09:30:40.789Z] [INFO] POST /api/v1/user/getUserData
[2024-05-18T09:30:44.675Z] [INFO] GET /api/v1/user/user-appointments
[2024-05-18T09:30:44.998Z] [INFO] GET /api/v1/user/user-appointments
[2024-05-18T09:49:49.897Z] [INFO] GET /api/v1/user/user-appointments
[2024-05-18T09:49:49.905Z] [INFO] POST /api/v1/user/getUserData
[2024-05-18T09:49:49.909Z] [INFO] POST /api/v1/user/getUserData
[2024-05-18T09:49:50.217Z] [INFO] GET /api/v1/user/user-appointments
[2024-05-18T09:49:50.226Z] [INFO] GET /api/v1/user/user-appointments
[2024-05-18T09:49:50.539Z] [INFO] GET /api/v1/user/user-appointments
[2024-05-18T09:49:52.846Z] [INFO] GET /api/v1/user/user-appointments
[2024-05-18T09:49:53.168Z] [INFO] GET /api/v1/user/user-appointments
[2024-05-18T09:52:17.739Z] [INFO] GET /api/v1/user/user-appointments
[2024-05-18T09:52:17.747Z] [INFO] POST /api/v1/user/getUserData
[2024-05-18T09:52:18.055Z] [INFO] POST /api/v1/user/getUserData
[2024-05-18T09:52:18.058Z] [INFO] GET /api/v1/user/user-appointments
[2024-05-18T09:52:18.071Z] [INFO] GET /api/v1/user/user-appointments
[2024-05-18T09:52:18.386Z] [INFO] GET /api/v1/user/user-appointments
[2024-05-18T10:03:56.364Z] [INFO] POST /api/v1/user/getUserData
[2024-05-18T10:03:56.372Z] [INFO] POST /api/v1/user/getUserData
[2024-05-18T10:04:02.225Z] [INFO] GET /api/v1/user/user-appointments
[2024-05-18T10:04:02.491Z] [INFO] GET /api/v1/user/user-appointments
[2024-05-18T10:04:05.419Z] [INFO] POST /api/v1/user/getUserData
[2024-05-18T10:04:05.725Z] [INFO] POST /api/v1/user/getUserData
[2024-05-18T10:04:07.221Z] [INFO] GET /api/v1/user/user-appointments
[2024-05-18T10:04:07.474Z] [INFO] GET /api/v1/user/user-appointments
[2024-05-18T10:08:12.008Z] [INFO] POST /api/v1/user/getUserData
[2024-05-18T10:08:12.014Z] [INFO] POST /api/v1/user/getUserData
[2024-05-18T10:10:25.796Z] [INFO] POST /api/v1/user/getUserData
[2024-05-18T10:10:25.810Z] [INFO] POST /api/v1/user/getUserData
[2024-05-18T10:12:46.470Z] [INFO] POST /api/v1/user/getUserData
[2024-05-18T10:12:46.474Z] [INFO] POST /api/v1/user/getUserData
[2024-05-18T10:12:50.305Z] [INFO] POST /api/v1/user/getUserData
[2024-05-18T10:12:50.308Z] [INFO] POST /api/v1/user/getUserData
[2024-05-18T10:12:59.224Z] [INFO] POST /api/v1/user/getUserData
[2024-05-18T10:12:59.229Z] [INFO] POST /api/v1/user/getUserData
[2024-05-18T10:12:59.338Z] [INFO] POST /api/v1/user/getUserData
[2024-05-18T10:12:59.537Z] [INFO] POST /api/v1/user/getUserData
[2024-05-18T10:13:58.113Z] [INFO] GET /main.7f572b23916b1480340a.hot-update.json
[2024-05-18T10:13:58.690Z] [INFO] POST /api/v1/user/getUserData
[2024-05-18T10:13:58.696Z] [INFO] POST /api/v1/user/getUserData
[2024-05-18T10:13:59.209Z] [INFO] POST /api/v1/user/getUserData
[2024-05-18T10:13:59.212Z] [INFO] POST /api/v1/user/getUserData
[2024-05-18T10:13:59.216Z] [INFO] POST /api/v1/user/getUserData
[2024-05-18T10:13:59.219Z] [INFO] POST /api/v1/user/getUserData
[2024-05-18T10:13:59.223Z] [INFO] POST /api/v1/user/getUserData
[2024-05-18T10:13:59.228Z] [INFO] POST /api/v1/user/getUserData
[2024-05-18T10:14:03.339Z] [INFO] POST /api/v1/user/getUserData
[2024-05-18T10:14:03.344Z] [INFO] POST /api/v1/user/getUserData
[2024-05-18T10:14:03.659Z] [INFO] POST /api/v1/user/getUserData
[2024-05-18T10:14:03.663Z] [INFO] POST /api/v1/user/getUserData
[2024-05-18T10:19:58.098Z] [INFO] POST /api/v1/user/getUserData
[2024-05-18T10:19:58.103Z] [INFO] POST /api/v1/user/getUserData
[2024-05-18T10:19:58.417Z] [INFO] POST /api/v1/user/getUserData
[2024-05-18T10:19:58.420Z] [INFO] POST /api/v1/user/getUserData
[2024-05-18T10:19:58.436Z] [INFO] POST /api/v1/user/getUserData
[2024-05-18T10:19:58.440Z] [INFO] POST /api/v1/user/getUserData
[2024-05-18T10:20:02.401Z] [INFO] POST /api/v1/user/getUserData
[2024-05-18T10:20:02.410Z] [INFO] POST /api/v1/user/getUserData
[2024-05-18T10:20:02.728Z] [INFO] POST /api/v1/user/getUserData
[2024-05-18T10:20:02.733Z] [INFO] POST /api/v1/user/getUserData
[2024-05-18T10:20:02.736Z] [INFO] POST /api/v1/user/getUserData
[2024-05-18T10:20:02.746Z] [INFO] POST /api/v1/user/getUserData
[2024-05-18T10:20:05.741Z] [INFO] POST /api/v1/user/getUserData
[2024-05-18T10:20:05.748Z] [INFO] POST /api/v1/user/getUserData
[2024-05-18T10:20:07.524Z] [INFO] GET /api/v1/user/user-appointments
[2024-05-18T10:20:07.788Z] [INFO] GET /api/v1/user/user-appointments
[2024-05-18T10:20:18.379Z] [INFO] POST /api/v1/user/getUserData
[2024-05-18T10:20:18.385Z] [INFO] POST /api/v1/user/getUserData
[2024-05-18T10:20:30.933Z] [INFO] POST /api/v1/user/register
[2024-05-18T10:20:37.610Z] [INFO] POST /api/v1/user/login
[2024-05-18T10:20:37.865Z] [INFO] POST /api/v1/user/getUserData
[2024-05-18T10:20:38.142Z] [INFO] POST /api/v1/user/getUserData
[2024-05-18T10:20:38.146Z] [INFO] POST /api/v1/user/getUserData
[2024-05-18T10:20:38.150Z] [INFO] POST /api/v1/user/getUserData
[2024-05-18T10:20:38.220Z] [INFO] POST /api/v1/user/getUserData
[2024-05-18T10:20:38.469Z] [INFO] POST /api/v1/user/getUserData
[2024-05-18T10:20:38.475Z] [INFO] POST /api/v1/user/getUserData
[2024-05-18T10:20:41.094Z] [INFO] GET /api/v1/user/user-appointments
[2024-05-18T10:20:41.110Z] [INFO] GET /api/v1/user/user-appointments
[2024-05-18T10:20:45.396Z] [INFO] GET /api/v1/user/user-appointments
[2024-05-18T10:20:45.651Z] [INFO] GET /api/v1/user/user-appointments
[2024-05-18T10:20:45.975Z] [INFO] POST /api/v1/user/getUserData
[2024-05-18T10:20:46.283Z] [INFO] POST /api/v1/user/getUserData
[2024-05-18T10:20:48.134Z] [INFO] GET /api/v1/user/user-appointments
[2024-05-18T10:20:48.394Z] [INFO] GET /api/v1/user/user-appointments
[2024-05-18T10:21:13.935Z] [INFO] POST /api/v1/user/apply-doctor
[2024-05-18T10:23:33.499Z] [INFO] POST /api/v1/user/getUserData
[2024-05-18T10:23:33.507Z] [INFO] POST /api/v1/user/getUserData
[2024-05-18T10:24:07.077Z] [INFO] POST /api/v1/user/apply-doctor
[2024-05-18T10:24:07.327Z] [INFO] POST /api/v1/user/getUserData
[2024-05-18T10:24:07.527Z] [INFO] POST /api/v1/user/getUserData
[2024-05-18T10:32:12.409Z] [INFO] POST /api/v1/user/register
[2024-05-18T10:32:21.604Z] [INFO] POST /api/v1/user/login
[2024-05-18T10:32:21.855Z] [INFO] POST /api/v1/user/getUserData
[2024-05-18T10:32:22.303Z] [INFO] POST /api/v1/user/getUserData
[2024-05-18T10:32:22.307Z] [INFO] POST /api/v1/user/getUserData
[2024-05-18T10:32:22.311Z] [INFO] POST /api/v1/user/getUserData
[2024-05-18T10:32:22.317Z] [INFO] POST /api/v1/user/getUserData
[2024-05-18T10:32:22.361Z] [INFO] POST /api/v1/user/getUserData
[2024-05-18T10:32:22.367Z] [INFO] POST /api/v1/user/getUserData
[2024-05-18T10:32:26.247Z] [INFO] GET /api/v1/user/user-appointments
[2024-05-18T10:32:26.262Z] [INFO] GET /api/v1/user/user-appointments
[2024-05-18T10:52:39.229Z] [INFO] [37m[46mServer Running in development Mode on Port 8080[49m[39m
[2024-05-18T10:53:00.886Z] [INFO] GET /main.db9b46822b9834c4fa9e.hot-update.json
[2024-05-18T10:53:01.876Z] [INFO] POST /api/v1/user/getUserData
[2024-05-18T10:53:01.883Z] [INFO] POST /api/v1/user/getUserData
[2024-05-18T10:53:01.886Z] [INFO] POST /api/v1/user/getUserData
[2024-05-18T10:53:01.890Z] [INFO] POST /api/v1/user/getUserData
[2024-05-18T10:53:02.197Z] [INFO] POST /api/v1/user/getUserData
[2024-05-18T10:53:02.255Z] [INFO] POST /api/v1/user/getUserData
[2024-05-18T10:53:06.055Z] [INFO] GET /api/v1/user/user-appointments
[2024-05-18T10:53:06.391Z] [INFO] GET /api/v1/user/user-appointments
[2024-05-18T10:54:02.857Z] [INFO] POST /api/v1/user/getUserData
[2024-05-18T10:54:02.868Z] [INFO] POST /api/v1/user/getUserData
[2024-05-18T10:59:42.094Z] [INFO] POST /api/v1/user/getUserData
[2024-05-18T10:59:42.104Z] [INFO] POST /api/v1/user/getUserData
[2024-05-18T10:59:44.179Z] [INFO] GET /api/v1/user/user-appointments
[2024-05-18T10:59:44.504Z] [INFO] GET /api/v1/user/user-appointments
[2024-05-18T10:59:45.625Z] [INFO] POST /api/v1/user/getUserData
[2024-05-18T10:59:45.632Z] [INFO] POST /api/v1/user/getUserData
[2024-05-18T10:59:54.866Z] [INFO] POST /api/v1/user/login
[2024-05-18T10:59:55.377Z] [INFO] POST /api/v1/user/getUserData
[2024-05-18T10:59:55.389Z] [INFO] POST /api/v1/user/getUserData
[2024-05-18T10:59:55.649Z] [INFO] POST /api/v1/user/getUserData
[2024-05-18T10:59:55.661Z] [INFO] POST /api/v1/user/getUserData
[2024-05-18T10:59:55.973Z] [INFO] POST /api/v1/user/getUserData
[2024-05-18T10:59:55.980Z] [INFO] POST /api/v1/user/getUserData
[2024-05-18T10:59:55.995Z] [INFO] POST /api/v1/user/getUserData
[2024-05-18T10:59:56.010Z] [INFO] POST /api/v1/user/getUserData
[2024-05-18T11:11:14.474Z] [INFO] POST /api/v1/user/register
[2024-05-18T11:11:36.174Z] [INFO] POST /api/v1/user/login
[2024-05-18T11:12:30.675Z] [INFO] POST /api/v1/user/login
[2024-05-18T11:12:48.523Z] [INFO] POST /api/v1/user/register
[2024-05-18T11:13:24.631Z] [INFO] POST /api/v1/user/register
[2024-05-18T11:13:30.962Z] [INFO] POST /api/v1/user/login
[2024-05-18T11:13:31.438Z] [INFO] POST /api/v1/user/getUserData
[2024-05-18T11:13:31.445Z] [INFO] POST /api/v1/user/getUserData
[2024-05-18T11:13:31.673Z] [INFO] POST /api/v1/user/getUserData
[2024-05-18T11:13:31.683Z] [INFO] POST /api/v1/user/getUserData
[2024-05-18T11:13:31.993Z] [INFO] POST /api/v1/user/getUserData
[2024-05-18T11:13:31.999Z] [INFO] POST /api/v1/user/getUserData
[2024-05-18T11:13:32.005Z] [INFO] POST /api/v1/user/getUserData
[2024-05-18T11:13:32.012Z] [INFO] POST /api/v1/user/getUserData
[2024-05-18T11:13:35.324Z] [INFO] GET /api/v1/user/user-appointments
[2024-05-18T11:13:35.338Z] [INFO] GET /api/v1/user/user-appointments
[2024-05-18T11:15:11.552Z] [INFO] POST /api/v1/user/apply-doctor
[2024-05-18T11:15:11.804Z] [INFO] POST /api/v1/user/getUserData
[2024-05-18T11:15:12.000Z] [INFO] POST /api/v1/user/getUserData
[2024-05-18T11:16:25.700Z] [INFO] POST /api/v1/user/delete-all-notification
[2024-05-18T12:30:34.168Z] [INFO] POST /api/v1/user/login
[2024-05-18T12:30:34.416Z] [INFO] POST /api/v1/user/getUserData
[2024-05-18T12:30:34.952Z] [INFO] POST /api/v1/user/getUserData
[2024-05-18T12:30:34.959Z] [INFO] POST /api/v1/user/getUserData
[2024-05-18T12:30:34.966Z] [INFO] POST /api/v1/user/getUserData
[2024-05-18T12:30:34.975Z] [INFO] POST /api/v1/user/getUserData
[2024-05-18T12:30:35.282Z] [INFO] POST /api/v1/user/getUserData
[2024-05-18T12:30:35.328Z] [INFO] POST /api/v1/user/getUserData
[2024-05-18T12:30:39.625Z] [INFO] POST /api/v1/user/getUserData
[2024-05-18T12:30:39.632Z] [INFO] POST /api/v1/user/getUserData
[2024-05-18T12:40:38.286Z] [INFO] POST /api/v1/user/getUserData
[2024-05-18T12:40:38.294Z] [INFO] POST /api/v1/user/getUserData
[2024-05-18T12:40:38.592Z] [INFO] POST /api/v1/user/getUserData
[2024-05-18T12:40:38.600Z] [INFO] POST /api/v1/user/getUserData
[2024-05-18T12:40:38.657Z] [INFO] POST /api/v1/user/getUserData
[2024-05-18T12:40:38.663Z] [INFO] POST /api/v1/user/getUserData
[2024-05-18T12:40:44.935Z] [INFO] POST /api/v1/user/getUserData
[2024-05-18T12:40:45.227Z] [INFO] POST /api/v1/user/getUserData
[2024-05-18T12:40:49.440Z] [INFO] POST /api/v1/user/getUserData
[2024-05-18T12:40:49.446Z] [INFO] POST /api/v1/user/getUserData
[2024-05-18T12:51:32.146Z] [INFO] POST /api/v1/user/getUserData
[2024-05-18T12:51:32.152Z] [INFO] POST /api/v1/user/getUserData
[2024-05-18T12:51:35.310Z] [INFO] GET /api/v1/user/user-appointments
[2024-05-18T12:51:35.633Z] [INFO] GET /api/v1/user/user-appointments
[2024-05-18T12:53:28.287Z] [INFO] POST /api/v1/user/getUserData
[2024-05-18T12:53:28.291Z] [INFO] POST /api/v1/user/getUserData
[2024-05-18T12:53:30.290Z] [INFO] POST /api/v1/doctor/getDoctorInfo
[2024-05-18T12:53:30.610Z] [INFO] POST /api/v1/doctor/getDoctorInfo
[2024-05-18T12:53:38.729Z] [INFO] POST /api/v1/doctor/getDoctorInfo
[2024-05-18T12:53:38.737Z] [INFO] POST /api/v1/doctor/getDoctorInfo
[2024-05-18T12:53:50.223Z] [INFO] POST /api/v1/doctor/updateProfile
[2024-05-18T12:53:50.568Z] [INFO] POST /api/v1/doctor/getDoctorInfo
[2024-05-18T12:53:50.577Z] [INFO] POST /api/v1/doctor/getDoctorInfo
[2024-05-18T12:54:15.429Z] [INFO] GET /api/v1/user/user-appointments
[2024-05-18T12:54:15.443Z] [INFO] GET /api/v1/user/user-appointments
[2024-05-18T12:54:17.274Z] [INFO] POST /api/v1/doctor/getDoctorInfo
[2024-05-18T12:54:17.283Z] [INFO] POST /api/v1/doctor/getDoctorInfo
[2024-05-18T12:54:24.097Z] [INFO] POST /api/v1/user/login
[2024-05-18T12:54:25.217Z] [INFO] POST /api/v1/user/getUserData
[2024-05-18T12:54:25.222Z] [INFO] POST /api/v1/user/getUserData
[2024-05-18T12:54:25.517Z] [INFO] POST /api/v1/user/getUserData
[2024-05-18T12:54:25.529Z] [INFO] POST /api/v1/user/getUserData
[2024-05-18T12:54:25.829Z] [INFO] POST /api/v1/user/getUserData
[2024-05-18T12:54:25.845Z] [INFO] POST /api/v1/user/getUserData
[2024-05-18T12:54:25.850Z] [INFO] POST /api/v1/user/getUserData
[2024-05-18T12:54:25.863Z] [INFO] POST /api/v1/user/getUserData
[2024-05-18T12:54:28.960Z] [INFO] POST /api/v1/doctor/getDoctorInfo
[2024-05-18T12:54:28.968Z] [INFO] POST /api/v1/doctor/getDoctorInfo
[2024-05-18T12:54:47.903Z] [INFO] GET /api/v1/user/user-appointments
[2024-05-18T12:54:48.171Z] [INFO] GET /api/v1/user/user-appointments
[2024-05-18T13:18:21.064Z] [INFO] [37m[46mServer Running in development Mode on Port 8080[49m[39m
[2024-05-18T13:18:27.738Z] [INFO] POST /api/v1/user/getUserData
[2024-05-18T13:18:27.748Z] [INFO] POST /api/v1/user/getUserData
[2024-05-18T13:18:27.754Z] [INFO] POST /api/v1/user/getUserData
[2024-05-18T13:18:27.761Z] [INFO] POST /api/v1/user/getUserData
[2024-05-18T13:18:28.053Z] [INFO] POST /api/v1/user/getUserData
[2024-05-18T13:18:28.108Z] [INFO] POST /api/v1/user/getUserData
[2024-05-18T13:19:04.468Z] [INFO] POST /api/v1/user/register
[2024-05-18T13:19:14.765Z] [INFO] POST /api/v1/user/login
[2024-05-18T13:19:15.034Z] [INFO] POST /api/v1/user/getUserData
[2024-05-18T13:19:15.338Z] [INFO] POST /api/v1/user/getUserData
[2024-05-18T13:19:15.352Z] [INFO] POST /api/v1/user/getUserData
[2024-05-18T13:19:15.362Z] [INFO] POST /api/v1/user/getUserData
[2024-05-18T13:19:15.368Z] [INFO] POST /api/v1/user/getUserData
[2024-05-18T13:19:15.403Z] [INFO] POST /api/v1/user/getUserData
[2024-05-18T13:19:15.413Z] [INFO] POST /api/v1/user/getUserData
[2024-05-18T13:19:17.815Z] [INFO] POST /api/v1/doctor/getDoctorInfo
[2024-05-18T13:19:17.911Z] [INFO] POST /api/v1/doctor/getDoctorInfo
[2024-05-18T13:19:22.329Z] [INFO] GET /api/v1/user/user-appointments
[2024-05-18T13:19:22.669Z] [INFO] GET /api/v1/user/user-appointments
[2024-05-18T13:19:28.373Z] [INFO] POST /api/v1/doctor/getDoctorInfo
[2024-05-18T13:19:28.379Z] [INFO] POST /api/v1/doctor/getDoctorInfo
